<?xml version="1.0" encoding="UTF-8"?>
<!-- Generated by org.testng.reporters.JUnitReportReporter -->
<testsuite skipped="0" hostname="Win" name="selenimframework1.tetsngdemo" tests="1" failures="0" timestamp="2020-04-22T17:05:04 IST" time="5.878" errors="0">
  <testcase name="googlesearchtest" time="5.878" classname="selenimframework1.tetsngdemo"/>
  <system-out/>
</testsuite> <!-- selenimframework1.tetsngdemo -->
